* using log directory 'C:/Users/lfurtado/Documents/Master - DataMining/Projets/Parallel_Computing/furvin.Rcheck'
* using R version 4.1.2 (2021-11-01)
* using platform: i386-w64-mingw32 (32-bit)
* using session charset: ISO8859-1
* using options '--no-manual --as-cran'
* checking for file 'furvin/DESCRIPTION' ... OK
* checking extension type ... Package
* this is package 'furvin' version '1.0'
* checking package namespace information ... OK
* checking package dependencies ... OK
* checking if this is a source package ... OK
* checking if there is a namespace ... OK
* checking for executable files ... OK
* checking for hidden files and directories ... OK
* checking for portable file names ... OK
* checking serialization versions ... OK
* checking whether package 'furvin' can be installed ... OK
* checking installed package size ... OK
* checking package directory ... OK
* checking for future file timestamps ... OK
* checking DESCRIPTION meta-information ... OK
* checking top-level files ... OK
* checking for left-over files ... OK
* checking index information ... OK
* checking package subdirectories ... OK
* checking R files for non-ASCII characters ... OK
* checking R files for syntax errors ... OK
* loading checks for arch 'i386'
** checking whether the package can be loaded ... OK
** checking whether the package can be loaded with stated dependencies ... OK
** checking whether the package can be unloaded cleanly ... OK
** checking whether the namespace can be loaded with stated dependencies ... OK
** checking whether the namespace can be unloaded cleanly ... OK
** checking loading without being on the library search path ... OK
* loading checks for arch 'x64'
** checking whether the package can be loaded ... OK
** checking whether the package can be loaded with stated dependencies ... OK
** checking whether the package can be unloaded cleanly ... OK
** checking whether the namespace can be loaded with stated dependencies ... OK
** checking whether the namespace can be unloaded cleanly ... OK
** checking loading without being on the library search path ... OK
* checking dependencies in R code ... OK
* checking S3 generic/method consistency ... OK
* checking replacement functions ... OK
* checking foreign function calls ... OK
* checking R code for possible problems ... OK
* checking Rd files ... NOTE
prepare_Rd: forest_fire_rcpp.Rd:27-29: Dropping empty section \details
prepare_Rd: forest_fire_rcpp.Rd:30-36: Dropping empty section \value
prepare_Rd: forest_fire_rcpp.Rd:43-45: Dropping empty section \note
prepare_Rd: forest_fire_rcpp.Rd:40-42: Dropping empty section \author
prepare_Rd: forest_fire_rcpp.Rd:37-39: Dropping empty section \references
prepare_Rd: forest_fire_rcpp.Rd:49-51: Dropping empty section \seealso
* checking Rd metadata ... OK
* checking Rd line widths ... OK
* checking Rd cross-references ... OK
* checking for missing documentation entries ... WARNING
Undocumented code objects:
  'estimate_Es' 'find_infected_neighbors'
  'find_infected_neighbors_apply' 'find_infected_neighbors_rcpp'
  'find_infected_neighbors_vectorized' 'forest_fire_plot'
  'rcpp_hello_world'
All user-level objects in a package should have documentation entries.
See chapter 'Writing R documentation files' in the 'Writing R
Extensions' manual.
* checking for code/documentation mismatches ... OK
* checking Rd \usage sections ... WARNING
Undocumented arguments in documentation object 'forest_fire_rcpp'
  'alpha' 'beta'
Documented arguments not in \usage in documentation object 'forest_fire_rcpp':
  'alpha:' 'beta:'

Functions with \usage entries need to have the appropriate \alias
entries, and all their arguments documented.
The \usage entries must correspond to syntactically valid R code.
See chapter 'Writing R documentation files' in the 'Writing R
Extensions' manual.
* checking Rd contents ... OK
* checking for unstated dependencies in examples ... OK
* checking line endings in C/C++/Fortran sources/headers ... OK
* checking pragmas in C/C++ headers and code ... OK
* checking compilation flags used ... OK
* checking compiled code ... OK
* checking examples ...
** running examples for arch 'i386' ... OK
** running examples for arch 'x64' ... OK
* checking for non-standard things in the check directory ... OK
* checking for detritus in the temp directory ... OK
* DONE
Status: 2 WARNINGs, 1 NOTE
