* installing *source* package 'furvin' ...
** using staged installation
** libs

*** arch - i386
/mingw32/bin/g++ -std=gnu++11  -I"C:/PROGRA~1/R/R-41~1.2/include" -DNDEBUG  -I'C:/Users/lfurtado/Documents/R/win-library/4.1/Rcpp/include'        -O2 -Wall  -mfpmath=sse -msse2 -mstackrealign  -c RcppExports.cpp -o RcppExports.o
/mingw32/bin/g++ -std=gnu++11  -I"C:/PROGRA~1/R/R-41~1.2/include" -DNDEBUG  -I'C:/Users/lfurtado/Documents/R/win-library/4.1/Rcpp/include'        -O2 -Wall  -mfpmath=sse -msse2 -mstackrealign  -c forest_fire_rcpp.cpp -o forest_fire_rcpp.o
/mingw32/bin/g++ -std=gnu++11  -I"C:/PROGRA~1/R/R-41~1.2/include" -DNDEBUG  -I'C:/Users/lfurtado/Documents/R/win-library/4.1/Rcpp/include'        -O2 -Wall  -mfpmath=sse -msse2 -mstackrealign  -c rcpp_hello_world.cpp -o rcpp_hello_world.o
/mingw32/bin/g++ -std=gnu++11 -shared -s -static-libgcc -o furvin.dll tmp.def RcppExports.o forest_fire_rcpp.o rcpp_hello_world.o -LC:/PROGRA~1/R/R-41~1.2/bin/i386 -lR
installing to C:/Users/lfurtado/DOCUME~1/MASTER~1/Projets/PARALL~1/FURVIN~1.RCH/00LOCK-furvin/00new/furvin/libs/i386

*** arch - x64
/mingw64/bin/g++ -std=gnu++11  -I"C:/PROGRA~1/R/R-41~1.2/include" -DNDEBUG  -I'C:/Users/lfurtado/Documents/R/win-library/4.1/Rcpp/include'        -O2 -Wall  -mfpmath=sse -msse2 -mstackrealign  -c RcppExports.cpp -o RcppExports.o
/mingw64/bin/g++ -std=gnu++11  -I"C:/PROGRA~1/R/R-41~1.2/include" -DNDEBUG  -I'C:/Users/lfurtado/Documents/R/win-library/4.1/Rcpp/include'        -O2 -Wall  -mfpmath=sse -msse2 -mstackrealign  -c forest_fire_rcpp.cpp -o forest_fire_rcpp.o
/mingw64/bin/g++ -std=gnu++11  -I"C:/PROGRA~1/R/R-41~1.2/include" -DNDEBUG  -I'C:/Users/lfurtado/Documents/R/win-library/4.1/Rcpp/include'        -O2 -Wall  -mfpmath=sse -msse2 -mstackrealign  -c rcpp_hello_world.cpp -o rcpp_hello_world.o
/mingw64/bin/g++ -std=gnu++11 -shared -s -static-libgcc -o furvin.dll tmp.def RcppExports.o forest_fire_rcpp.o rcpp_hello_world.o -LC:/PROGRA~1/R/R-41~1.2/bin/x64 -lR
installing to C:/Users/lfurtado/DOCUME~1/MASTER~1/Projets/PARALL~1/FURVIN~1.RCH/00LOCK-furvin/00new/furvin/libs/x64
** R
** byte-compile and prepare package for lazy loading
** help
*** installing help indices
** building package indices
** testing if installed package can be loaded from temporary location
*** arch - i386
*** arch - x64
** testing if installed package can be loaded from final location
*** arch - i386
*** arch - x64
** testing if installed package keeps a record of temporary installation path
* DONE (furvin)
