* using log directory 'C:/Users/lfurtado/Documents/Master - DataMining/Projets/Parallel_Computing/ForestFire.Rcheck'
* using R version 4.1.2 (2021-11-01)
* using platform: i386-w64-mingw32 (32-bit)
* using session charset: ISO8859-1
* using options '--no-manual --as-cran'
* checking for file 'ForestFire/DESCRIPTION' ... OK
* checking extension type ... Package
* this is package 'ForestFire' version '1.0'
* checking package namespace information ... OK
* checking package dependencies ... OK
* checking if this is a source package ... OK
* checking if there is a namespace ... OK
* checking for executable files ... OK
* checking for hidden files and directories ... OK
* checking for portable file names ... OK
* checking serialization versions ... OK
* checking whether package 'ForestFire' can be installed ... WARNING
Found the following significant warnings:
  Warning: C:/Users/lfurtado/Documents/Master - DataMining/Projets/Parallel_Computing/ForestFire.Rcheck/00_pkg_src/ForestFire/man/forest_fire_rcpp.Rd:24: unexpected '{'
  Warning: C:/Users/lfurtado/Documents/Master - DataMining/Projets/Parallel_Computing/ForestFire.Rcheck/00_pkg_src/ForestFire/man/forest_fire_rcpp.Rd:26: unexpected '}'
See 'C:/Users/lfurtado/Documents/Master - DataMining/Projets/Parallel_Computing/ForestFire.Rcheck/00install.out' for details.
* checking installed package size ... OK
* checking package directory ... OK
* checking for future file timestamps ... OK
* checking DESCRIPTION meta-information ... OK
* checking top-level files ... OK
* checking for left-over files ... OK
* checking index information ... OK
* checking package subdirectories ... OK
* checking R files for non-ASCII characters ... OK
* checking R files for syntax errors ... OK
* loading checks for arch 'i386'
** checking whether the package can be loaded ... OK
** checking whether the package can be loaded with stated dependencies ... OK
** checking whether the package can be unloaded cleanly ... OK
** checking whether the namespace can be loaded with stated dependencies ... OK
** checking whether the namespace can be unloaded cleanly ... OK
** checking loading without being on the library search path ... OK
* loading checks for arch 'x64'
** checking whether the package can be loaded ... OK
** checking whether the package can be loaded with stated dependencies ... OK
** checking whether the package can be unloaded cleanly ... OK
** checking whether the namespace can be loaded with stated dependencies ... OK
** checking whether the namespace can be unloaded cleanly ... OK
** checking loading without being on the library search path ... OK
* checking dependencies in R code ... OK
* checking S3 generic/method consistency ... OK
* checking replacement functions ... OK
* checking foreign function calls ... OK
* checking R code for possible problems ... OK
* checking Rd files ... WARNING
prepare_Rd: comparing_algos.Rd:17-19: Dropping empty section \examples
prepare_Rd: find_infected_neighbors.Rd:29-32: Dropping empty section \examples
prepare_Rd: find_infected_neighbors_apply.Rd:26-28: Dropping empty section \examples
prepare_Rd: find_infected_neighbors_rcpp.Rd:7-9: Dropping empty section \description
prepare_Rd: find_infected_neighbors_rcpp.Rd:24-26: Dropping empty section \details
prepare_Rd: find_infected_neighbors_rcpp.Rd:27-33: Dropping empty section \value
prepare_Rd: find_infected_neighbors_rcpp.Rd:40-42: Dropping empty section \note
prepare_Rd: find_infected_neighbors_rcpp.Rd:37-39: Dropping empty section \author
prepare_Rd: find_infected_neighbors_rcpp.Rd:34-36: Dropping empty section \references
prepare_Rd: find_infected_neighbors_rcpp.Rd:46-48: Dropping empty section \seealso
checkRd: (5) find_infected_neighbors_rcpp.Rd:0-68: Must have a \description
prepare_Rd: find_infected_neighbors_vectorized.Rd:26-28: Dropping empty section \examples
prepare_Rd: forest_fire_apply.Rd:30-32: Dropping empty section \examples
prepare_Rd: forest_fire_commented.Rd:30-32: Dropping empty section \examples
prepare_Rd: forest_fire_plot.Rd:13-15: Dropping empty section \value
prepare_Rd: forest_fire_plot.Rd:19-22: Dropping empty section \examples
prepare_Rd: man/forest_fire_rcpp.Rd:24: unexpected '{'
prepare_Rd: man/forest_fire_rcpp.Rd:26: unexpected '}'
prepare_Rd: forest_fire_rcpp.Rd:7-9: Dropping empty section \description
prepare_Rd: forest_fire_rcpp.Rd:27-29: Dropping empty section \details
prepare_Rd: forest_fire_rcpp.Rd:30-36: Dropping empty section \value
prepare_Rd: forest_fire_rcpp.Rd:43-45: Dropping empty section \note
prepare_Rd: forest_fire_rcpp.Rd:40-42: Dropping empty section \author
prepare_Rd: forest_fire_rcpp.Rd:37-39: Dropping empty section \references
prepare_Rd: forest_fire_rcpp.Rd:49-51: Dropping empty section \seealso
checkRd: (5) forest_fire_rcpp.Rd:0-71: Must have a \description
prepare_Rd: forest_fire_vectorized.Rd:30-32: Dropping empty section \examples
* checking Rd metadata ... OK
* checking Rd line widths ... OK
* checking Rd cross-references ... OK
* checking for missing documentation entries ... WARNING
Undocumented code objects:
  'rcpp_hello_world'
All user-level objects in a package should have documentation entries.
See chapter 'Writing R documentation files' in the 'Writing R
Extensions' manual.
* checking for code/documentation mismatches ... OK
* checking Rd \usage sections ... WARNING
Undocumented arguments in documentation object 'forest_fire_apply'
  'alpha' 'beta'
Documented arguments not in \usage in documentation object 'forest_fire_apply':
  'alpha:' 'beta:'

Undocumented arguments in documentation object 'forest_fire_commented'
  'alpha' 'beta'
Documented arguments not in \usage in documentation object 'forest_fire_commented':
  'alpha:' 'beta:'

Undocumented arguments in documentation object 'forest_fire_rcpp'
  'alpha' 'beta'
Documented arguments not in \usage in documentation object 'forest_fire_rcpp':
  'alpha:' 'beta:'

Undocumented arguments in documentation object 'forest_fire_vectorized'
  'alpha' 'beta'
Documented arguments not in \usage in documentation object 'forest_fire_vectorized':
  'alpha:' 'beta:'

Functions with \usage entries need to have the appropriate \alias
entries, and all their arguments documented.
The \usage entries must correspond to syntactically valid R code.
See chapter 'Writing R documentation files' in the 'Writing R
Extensions' manual.
* checking Rd contents ... WARNING
Argument items with no description in Rd object 'forest_fire_apply':
  'pausing'

Argument items with no description in Rd object 'forest_fire_commented':
  'pausing'

Argument items with no description in Rd object 'forest_fire_rcpp':
  'pausing'

Argument items with no description in Rd object 'forest_fire_vectorized':
  'pausing'

* checking for unstated dependencies in examples ... OK
* checking line endings in C/C++/Fortran sources/headers ... OK
* checking pragmas in C/C++ headers and code ... OK
* checking compilation flags used ... OK
* checking compiled code ... OK
* checking examples ...
** running examples for arch 'i386' ... OK
** running examples for arch 'x64' ... OK
* checking for non-standard things in the check directory ... OK
* checking for detritus in the temp directory ... OK
* DONE
Status: 5 WARNINGs
